<?xml version="1.0" encoding="UTF-8"?>
<!-- Generated by org.testng.reporters.JUnitReportReporter -->
<testsuite hostname="HP-Dago" failures="0" tests="12" name="api.tests.DDTests" time="7.559" errors="0" timestamp="2023-06-14T14:58:39 CDT" skipped="0">
  <testcase classname="api.tests.DDTests" name="testPostUsers" time="0.405"/>
  <system-out/>
  <testcase classname="api.tests.DDTests" name="testPostUsers" time="0.390"/>
  <system-out/>
  <testcase classname="api.tests.DDTests" name="testPostUsers" time="0.378"/>
  <system-out/>
  <testcase classname="api.tests.DDTests" name="testPostUsers" time="3.330"/>
  <system-out/>
  <testcase classname="api.tests.DDTests" name="testGetUser" time="0.419"/>
  <system-out/>
  <testcase classname="api.tests.DDTests" name="testGetUser" time="0.364"/>
  <system-out/>
  <testcase classname="api.tests.DDTests" name="testGetUser" time="0.389"/>
  <system-out/>
  <testcase classname="api.tests.DDTests" name="testGetUser" time="0.376"/>
  <system-out/>
  <testcase classname="api.tests.DDTests" name="testDeleteUser" time="0.378"/>
  <system-out/>
  <testcase classname="api.tests.DDTests" name="testDeleteUser" time="0.368"/>
  <system-out/>
  <testcase classname="api.tests.DDTests" name="testDeleteUser" time="0.380"/>
  <system-out/>
  <testcase classname="api.tests.DDTests" name="testDeleteUser" time="0.382"/>
  <system-out/>
</testsuite> <!-- api.tests.DDTests -->
