<?xml version="1.0" encoding="UTF-8"?>
<!-- Generated by org.testng.reporters.JUnitReportReporter -->
<testsuite hostname="HP-Dago" failures="0" tests="4" name="api.tests.UserTests" time="1.878" errors="0" timestamp="2023-06-14T14:58:39 CDT" skipped="0">
  <testcase classname="api.tests.UserTests" name="testPostUser" time="0.387"/>
  <system-out/>
  <testcase classname="api.tests.UserTests" name="testGetUser" time="0.384"/>
  <system-out/>
  <testcase classname="api.tests.UserTests" name="testPutUser" time="0.736"/>
  <system-out/>
  <testcase classname="api.tests.UserTests" name="testDeleteUser" time="0.371"/>
  <system-out/>
</testsuite> <!-- api.tests.UserTests -->
