<?xml version="1.0" encoding="UTF-8"?>
<!-- Generated by org.testng.reporters.JUnitReportReporter -->
<testsuite hostname="HP-Dago" failures="0" tests="4" name="api.tests.UserTests2" time="5.123" errors="0" timestamp="2023-06-13T01:53:33 CDT" skipped="0">
  <testcase classname="api.tests.UserTests2" name="testPostUser" time="3.506"/>
  <system-out/>
  <testcase classname="api.tests.UserTests2" name="testGetUser" time="0.437"/>
  <system-out/>
  <testcase classname="api.tests.UserTests2" name="testPutUser" time="0.794"/>
  <system-out/>
  <testcase classname="api.tests.UserTests2" name="testDeleteUser" time="0.386"/>
  <system-out/>
</testsuite> <!-- api.tests.UserTests2 -->
