<?xml version="1.0" encoding="UTF-8"?>
<!-- Generated by org.testng.reporters.JUnitReportReporter -->
<testsuite hostname="HP-Dago" failures="0" tests="4" name="api.tests.UserTests" time="2.128" errors="0" timestamp="2023-07-20T08:00:11 CDT" skipped="0">
  <testcase classname="api.tests.UserTests" name="testPostUser" time="0.438"/>
  <testcase classname="api.tests.UserTests" name="testGetUser" time="0.433"/>
  <testcase classname="api.tests.UserTests" name="testPutUser" time="0.845"/>
  <testcase classname="api.tests.UserTests" name="testDeleteUser" time="0.412"/>
</testsuite> <!-- api.tests.UserTests -->
