<?xml version="1.0" encoding="UTF-8"?>
<!-- Generated by org.testng.reporters.JUnitReportReporter -->
<testsuite hostname="HP-Dago" failures="0" tests="4" name="api.tests.UserTests" time="1.988" errors="0" timestamp="2023-06-13T03:10:39 CDT" skipped="0">
  <testcase classname="api.tests.UserTests" name="testPostUser" time="0.404"/>
  <system-out/>
  <testcase classname="api.tests.UserTests" name="testGetUser" time="0.396"/>
  <system-out/>
  <testcase classname="api.tests.UserTests" name="testPutUser" time="0.800"/>
  <system-out/>
  <testcase classname="api.tests.UserTests" name="testDeleteUser" time="0.388"/>
  <system-out/>
</testsuite> <!-- api.tests.UserTests -->
