<?xml version="1.0" encoding="UTF-8"?>
<!-- Generated by org.testng.reporters.JUnitReportReporter -->
<testsuite hostname="HP-Dago" failures="0" tests="12" name="api.tests.DDTests" time="8.828" errors="0" timestamp="2023-07-20T08:00:11 CDT" skipped="0">
  <testcase classname="api.tests.DDTests" name="testPostUsers" time="0.437"/>
  <testcase classname="api.tests.DDTests" name="testPostUsers" time="0.425"/>
  <testcase classname="api.tests.DDTests" name="testPostUsers" time="0.469"/>
  <testcase classname="api.tests.DDTests" name="testPostUsers" time="4.030"/>
  <testcase classname="api.tests.DDTests" name="testGetUser" time="0.442"/>
  <testcase classname="api.tests.DDTests" name="testGetUser" time="0.465"/>
  <testcase classname="api.tests.DDTests" name="testGetUser" time="0.465"/>
  <testcase classname="api.tests.DDTests" name="testGetUser" time="0.429"/>
  <testcase classname="api.tests.DDTests" name="testDeleteUser" time="0.373"/>
  <testcase classname="api.tests.DDTests" name="testDeleteUser" time="0.379"/>
  <testcase classname="api.tests.DDTests" name="testDeleteUser" time="0.480"/>
  <testcase classname="api.tests.DDTests" name="testDeleteUser" time="0.434"/>
</testsuite> <!-- api.tests.DDTests -->
