<?xml version="1.0" encoding="UTF-8"?>
<!-- Generated by org.testng.reporters.JUnitReportReporter -->
<testsuite hostname="HP-Dago" failures="0" tests="12" name="api.tests.DDTests" time="7.918" errors="0" timestamp="2023-06-13T03:10:39 CDT" skipped="0">
  <testcase classname="api.tests.DDTests" name="testPostUsers" time="0.424"/>
  <system-out/>
  <testcase classname="api.tests.DDTests" name="testPostUsers" time="0.404"/>
  <system-out/>
  <testcase classname="api.tests.DDTests" name="testPostUsers" time="0.409"/>
  <system-out/>
  <testcase classname="api.tests.DDTests" name="testPostUsers" time="3.444"/>
  <system-out/>
  <testcase classname="api.tests.DDTests" name="testGetUser" time="0.495"/>
  <system-out/>
  <testcase classname="api.tests.DDTests" name="testGetUser" time="0.394"/>
  <system-out/>
  <testcase classname="api.tests.DDTests" name="testGetUser" time="0.394"/>
  <system-out/>
  <testcase classname="api.tests.DDTests" name="testGetUser" time="0.392"/>
  <system-out/>
  <testcase classname="api.tests.DDTests" name="testDeleteUser" time="0.395"/>
  <system-out/>
  <testcase classname="api.tests.DDTests" name="testDeleteUser" time="0.386"/>
  <system-out/>
  <testcase classname="api.tests.DDTests" name="testDeleteUser" time="0.393"/>
  <system-out/>
  <testcase classname="api.tests.DDTests" name="testDeleteUser" time="0.388"/>
  <system-out/>
</testsuite> <!-- api.tests.DDTests -->
