<?xml version="1.0" encoding="UTF-8"?>
<!-- Generated by org.testng.reporters.JUnitReportReporter -->
<testsuite hostname="HP-Dago" failures="0" tests="12" name="api.tests.DDTests" time="7.396" errors="0" timestamp="2023-06-13T03:20:46 CDT" skipped="0">
  <testcase classname="api.tests.DDTests" name="testPostUsers" time="0.443"/>
  <system-out/>
  <testcase classname="api.tests.DDTests" name="testPostUsers" time="0.387"/>
  <system-out/>
  <testcase classname="api.tests.DDTests" name="testPostUsers" time="3.137"/>
  <system-out/>
  <testcase classname="api.tests.DDTests" name="testPostUsers" time="0.382"/>
  <system-out/>
  <testcase classname="api.tests.DDTests" name="testGetUser" time="0.384"/>
  <system-out/>
  <testcase classname="api.tests.DDTests" name="testGetUser" time="0.402"/>
  <system-out/>
  <testcase classname="api.tests.DDTests" name="testGetUser" time="0.380"/>
  <system-out/>
  <testcase classname="api.tests.DDTests" name="testGetUser" time="0.386"/>
  <system-out/>
  <testcase classname="api.tests.DDTests" name="testDeleteUser" time="0.363"/>
  <system-out/>
  <testcase classname="api.tests.DDTests" name="testDeleteUser" time="0.380"/>
  <system-out/>
  <testcase classname="api.tests.DDTests" name="testDeleteUser" time="0.382"/>
  <system-out/>
  <testcase classname="api.tests.DDTests" name="testDeleteUser" time="0.370"/>
  <system-out/>
</testsuite> <!-- api.tests.DDTests -->
