<?xml version="1.0" encoding="UTF-8"?>
<!-- Generated by org.testng.reporters.JUnitReportReporter -->
<testsuite hostname="HP-Dago" failures="0" tests="4" name="api.tests.UserTests" time="1.897" errors="0" timestamp="2023-06-13T03:20:46 CDT" skipped="0">
  <testcase classname="api.tests.UserTests" name="testPostUser" time="0.401"/>
  <system-out/>
  <testcase classname="api.tests.UserTests" name="testGetUser" time="0.379"/>
  <system-out/>
  <testcase classname="api.tests.UserTests" name="testPutUser" time="0.762"/>
  <system-out/>
  <testcase classname="api.tests.UserTests" name="testDeleteUser" time="0.355"/>
  <system-out/>
</testsuite> <!-- api.tests.UserTests -->
