<?xml version="1.0" encoding="UTF-8"?>
<!-- Generated by org.testng.reporters.JUnitReportReporter -->
<testsuite hostname="HP-Dago" failures="0" tests="12" name="api.tests.DDTests" time="7.633" errors="0" timestamp="2023-06-14T15:00:20 CDT" skipped="0">
  <testcase classname="api.tests.DDTests" name="testPostUsers" time="0.413"/>
  <system-out/>
  <testcase classname="api.tests.DDTests" name="testPostUsers" time="0.396"/>
  <system-out/>
  <testcase classname="api.tests.DDTests" name="testPostUsers" time="3.286"/>
  <system-out/>
  <testcase classname="api.tests.DDTests" name="testPostUsers" time="0.395"/>
  <system-out/>
  <testcase classname="api.tests.DDTests" name="testGetUser" time="0.431"/>
  <system-out/>
  <testcase classname="api.tests.DDTests" name="testGetUser" time="0.432"/>
  <system-out/>
  <testcase classname="api.tests.DDTests" name="testGetUser" time="0.378"/>
  <system-out/>
  <testcase classname="api.tests.DDTests" name="testGetUser" time="0.377"/>
  <system-out/>
  <testcase classname="api.tests.DDTests" name="testDeleteUser" time="0.378"/>
  <system-out/>
  <testcase classname="api.tests.DDTests" name="testDeleteUser" time="0.382"/>
  <system-out/>
  <testcase classname="api.tests.DDTests" name="testDeleteUser" time="0.385"/>
  <system-out/>
  <testcase classname="api.tests.DDTests" name="testDeleteUser" time="0.380"/>
  <system-out/>
</testsuite> <!-- api.tests.DDTests -->
