<?xml version="1.0" encoding="UTF-8"?>
<!-- Generated by org.testng.reporters.JUnitReportReporter -->
<testsuite hostname="HP-Dago" failures="0" tests="4" name="api.tests.UserTests" time="2.251" errors="0" timestamp="2023-07-20T07:56:40 CDT" skipped="0">
  <testcase classname="api.tests.UserTests" name="testPostUser" time="0.472"/>
  <testcase classname="api.tests.UserTests" name="testGetUser" time="0.436"/>
  <testcase classname="api.tests.UserTests" name="testPutUser" time="0.915"/>
  <testcase classname="api.tests.UserTests" name="testDeleteUser" time="0.428"/>
</testsuite> <!-- api.tests.UserTests -->
