<?xml version="1.0" encoding="UTF-8"?>
<!-- Generated by org.testng.reporters.JUnitReportReporter -->
<testsuite hostname="HP-Dago" failures="0" tests="12" name="api.tests.DDTests" time="8.880" errors="0" timestamp="2023-07-20T07:56:40 CDT" skipped="0">
  <testcase classname="api.tests.DDTests" name="testPostUsers" time="0.468"/>
  <testcase classname="api.tests.DDTests" name="testPostUsers" time="0.459"/>
  <testcase classname="api.tests.DDTests" name="testPostUsers" time="0.478"/>
  <testcase classname="api.tests.DDTests" name="testPostUsers" time="4.021"/>
  <testcase classname="api.tests.DDTests" name="testGetUser" time="0.439"/>
  <testcase classname="api.tests.DDTests" name="testGetUser" time="0.454"/>
  <testcase classname="api.tests.DDTests" name="testGetUser" time="0.469"/>
  <testcase classname="api.tests.DDTests" name="testGetUser" time="0.434"/>
  <testcase classname="api.tests.DDTests" name="testDeleteUser" time="0.401"/>
  <testcase classname="api.tests.DDTests" name="testDeleteUser" time="0.439"/>
  <testcase classname="api.tests.DDTests" name="testDeleteUser" time="0.381"/>
  <testcase classname="api.tests.DDTests" name="testDeleteUser" time="0.437"/>
</testsuite> <!-- api.tests.DDTests -->
